=== Run information ===

Scheme:weka.classifiers.lazy.IBk -K 5 -W 0 -A "weka.core.neighboursearch.LinearNNSearch -A \"weka.core.EuclideanDistance -R first-last\""
Relation:     pagina_block
Instances:    5473
Attributes:   11
              height
              lenght
              area
              excentricidad
              porcen_pixeles_negro
              porcen_and
              num_transicion
              pixel_negro
              negro_and
              negro_blanco_transicion
              clases
Test mode:10-fold cross-validation

=== Classifier model (full training set) ===

IB1 instance-based classifier
using 5 nearest neighbour(s) for classification


Time taken to build model: 0 seconds

=== Stratified cross-validation ===
=== Summary ===

Correctly Classified Instances        5250               95.9255 %
Incorrectly Classified Instances       223                4.0745 %
Kappa statistic                          0.7634
Mean absolute error                      0.0217
Root mean squared error                  0.1151
Relative absolute error                 28.4586 %
Root relative squared error             59.0469 %
Total Number of Instances             5473     

=== Detailed Accuracy By Class ===

               TP Rate   FP Rate   Precision   Recall  F-Measure   ROC Area  Class
                 0.99      0.289      0.968     0.99      0.979      0.945    1
                 0.766     0.005      0.91      0.766     0.832      0.956    2
                 0.571     0.001      0.762     0.571     0.653      0.988    3
                 0.727     0.001      0.914     0.727     0.81       0.92     4
                 0.478     0.005      0.688     0.478     0.564      0.884    5
Weighted Avg.    0.959     0.26       0.956     0.959     0.957      0.944

=== Confusion Matrix ===

    a    b    c    d    e   <-- classified as
 4863   19    5    4   22 |    a = 1
   75  252    0    2    0 |    b = 2
   11    0   16    0    1 |    c = 3
   19    3    0   64    2 |    d = 4
   57    3    0    0   55 |    e = 5

=== log ===

15:28:34: Started on viernes, 25 abril 2014
15:31:00: Started weka.classifiers.lazy.IBk
15:31:00: Command:weka.classifiers.lazy.IBk -K 5 -W 0 -A "weka.core.neighboursearch.LinearNNSearch -A \"weka.core.EuclideanDistance -R first-last\""
15:31:12: Finished weka.classifiers.lazy.IBk